03-Mar-2026
user6-1-5-4-5
内存不足。
user6-3-1-1-5
位置 2 处的索引超出数组边界。
user6-7-1-1-1
Couldn't open file .\Data\20181209\user6/user6-7-1-1-1-r1.dat
user6-7-1-1-2
Couldn't open file .\Data\20181209\user6/user6-7-1-1-2-r1.dat
user6-7-1-1-3
Couldn't open file .\Data\20181209\user6/user6-7-1-1-3-r1.dat
user6-7-1-1-4
Couldn't open file .\Data\20181209\user6/user6-7-1-1-4-r1.dat
user6-7-1-1-5
Couldn't open file .\Data\20181209\user6/user6-7-1-1-5-r1.dat
user6-7-1-2-1
Couldn't open file .\Data\20181209\user6/user6-7-1-2-1-r1.dat
user6-7-1-2-2
Couldn't open file .\Data\20181209\user6/user6-7-1-2-2-r1.dat
user6-7-1-2-3
Couldn't open file .\Data\20181209\user6/user6-7-1-2-3-r1.dat
user6-7-1-2-4
Couldn't open file .\Data\20181209\user6/user6-7-1-2-4-r1.dat
user6-7-1-2-5
Couldn't open file .\Data\20181209\user6/user6-7-1-2-5-r1.dat
user6-7-1-3-1
Couldn't open file .\Data\20181209\user6/user6-7-1-3-1-r1.dat
user6-7-1-3-2
Couldn't open file .\Data\20181209\user6/user6-7-1-3-2-r1.dat
user6-7-1-3-3
Couldn't open file .\Data\20181209\user6/user6-7-1-3-3-r1.dat
user6-7-1-3-4
Couldn't open file .\Data\20181209\user6/user6-7-1-3-4-r1.dat
user6-7-1-3-5
Couldn't open file .\Data\20181209\user6/user6-7-1-3-5-r1.dat
user6-7-1-4-1
Couldn't open file .\Data\20181209\user6/user6-7-1-4-1-r1.dat
user6-7-1-4-2
Couldn't open file .\Data\20181209\user6/user6-7-1-4-2-r1.dat
user6-7-1-4-3
Couldn't open file .\Data\20181209\user6/user6-7-1-4-3-r1.dat
user6-7-1-4-4
Couldn't open file .\Data\20181209\user6/user6-7-1-4-4-r1.dat
user6-7-1-4-5
Couldn't open file .\Data\20181209\user6/user6-7-1-4-5-r1.dat
user6-7-1-5-1
Couldn't open file .\Data\20181209\user6/user6-7-1-5-1-r1.dat
user6-7-1-5-2
Couldn't open file .\Data\20181209\user6/user6-7-1-5-2-r1.dat
user6-7-1-5-3
Couldn't open file .\Data\20181209\user6/user6-7-1-5-3-r1.dat
user6-7-1-5-4
Couldn't open file .\Data\20181209\user6/user6-7-1-5-4-r1.dat
user6-7-1-5-5
Couldn't open file .\Data\20181209\user6/user6-7-1-5-5-r1.dat
user6-7-2-1-1
Couldn't open file .\Data\20181209\user6/user6-7-2-1-1-r1.dat
user6-7-2-1-2
Couldn't open file .\Data\20181209\user6/user6-7-2-1-2-r1.dat
user6-7-2-1-3
Couldn't open file .\Data\20181209\user6/user6-7-2-1-3-r1.dat
user6-7-2-1-4
Couldn't open file .\Data\20181209\user6/user6-7-2-1-4-r1.dat
user6-7-2-1-5
Couldn't open file .\Data\20181209\user6/user6-7-2-1-5-r1.dat
user6-7-2-2-1
Couldn't open file .\Data\20181209\user6/user6-7-2-2-1-r1.dat
user6-7-2-2-2
Couldn't open file .\Data\20181209\user6/user6-7-2-2-2-r1.dat
user6-7-2-2-3
Couldn't open file .\Data\20181209\user6/user6-7-2-2-3-r1.dat
user6-7-2-2-4
Couldn't open file .\Data\20181209\user6/user6-7-2-2-4-r1.dat
user6-7-2-2-5
Couldn't open file .\Data\20181209\user6/user6-7-2-2-5-r1.dat
user6-7-2-3-1
Couldn't open file .\Data\20181209\user6/user6-7-2-3-1-r1.dat
user6-7-2-3-2
Couldn't open file .\Data\20181209\user6/user6-7-2-3-2-r1.dat
user6-7-2-3-3
Couldn't open file .\Data\20181209\user6/user6-7-2-3-3-r1.dat
user6-7-2-3-4
Couldn't open file .\Data\20181209\user6/user6-7-2-3-4-r1.dat
user6-7-2-3-5
Couldn't open file .\Data\20181209\user6/user6-7-2-3-5-r1.dat
user6-7-2-4-1
Couldn't open file .\Data\20181209\user6/user6-7-2-4-1-r1.dat
user6-7-2-4-2
Couldn't open file .\Data\20181209\user6/user6-7-2-4-2-r1.dat
user6-7-2-4-3
Couldn't open file .\Data\20181209\user6/user6-7-2-4-3-r1.dat
user6-7-2-4-4
Couldn't open file .\Data\20181209\user6/user6-7-2-4-4-r1.dat
user6-7-2-4-5
Couldn't open file .\Data\20181209\user6/user6-7-2-4-5-r1.dat
user6-7-2-5-1
Couldn't open file .\Data\20181209\user6/user6-7-2-5-1-r1.dat
user6-7-2-5-2
Couldn't open file .\Data\20181209\user6/user6-7-2-5-2-r1.dat
user6-7-2-5-3
Couldn't open file .\Data\20181209\user6/user6-7-2-5-3-r1.dat
user6-7-2-5-4
Couldn't open file .\Data\20181209\user6/user6-7-2-5-4-r1.dat
user6-7-2-5-5
Couldn't open file .\Data\20181209\user6/user6-7-2-5-5-r1.dat
user6-7-3-1-1
Couldn't open file .\Data\20181209\user6/user6-7-3-1-1-r1.dat
user6-7-3-1-2
Couldn't open file .\Data\20181209\user6/user6-7-3-1-2-r1.dat
user6-7-3-1-3
Couldn't open file .\Data\20181209\user6/user6-7-3-1-3-r1.dat
user6-7-3-1-4
Couldn't open file .\Data\20181209\user6/user6-7-3-1-4-r1.dat
user6-7-3-1-5
Couldn't open file .\Data\20181209\user6/user6-7-3-1-5-r1.dat
user6-7-3-2-1
Couldn't open file .\Data\20181209\user6/user6-7-3-2-1-r1.dat
user6-7-3-2-2
Couldn't open file .\Data\20181209\user6/user6-7-3-2-2-r1.dat
user6-7-3-2-3
Couldn't open file .\Data\20181209\user6/user6-7-3-2-3-r1.dat
user6-7-3-2-4
Couldn't open file .\Data\20181209\user6/user6-7-3-2-4-r1.dat
user6-7-3-2-5
Couldn't open file .\Data\20181209\user6/user6-7-3-2-5-r1.dat
user6-7-3-3-1
Couldn't open file .\Data\20181209\user6/user6-7-3-3-1-r1.dat
user6-7-3-3-2
Couldn't open file .\Data\20181209\user6/user6-7-3-3-2-r1.dat
user6-7-3-3-3
Couldn't open file .\Data\20181209\user6/user6-7-3-3-3-r1.dat
user6-7-3-3-4
Couldn't open file .\Data\20181209\user6/user6-7-3-3-4-r1.dat
user6-7-3-3-5
Couldn't open file .\Data\20181209\user6/user6-7-3-3-5-r1.dat
user6-7-3-4-1
Couldn't open file .\Data\20181209\user6/user6-7-3-4-1-r1.dat
user6-7-3-4-2
Couldn't open file .\Data\20181209\user6/user6-7-3-4-2-r1.dat
user6-7-3-4-3
Couldn't open file .\Data\20181209\user6/user6-7-3-4-3-r1.dat
user6-7-3-4-4
Couldn't open file .\Data\20181209\user6/user6-7-3-4-4-r1.dat
user6-7-3-4-5
Couldn't open file .\Data\20181209\user6/user6-7-3-4-5-r1.dat
user6-7-3-5-1
Couldn't open file .\Data\20181209\user6/user6-7-3-5-1-r1.dat
user6-7-3-5-2
Couldn't open file .\Data\20181209\user6/user6-7-3-5-2-r1.dat
user6-7-3-5-3
Couldn't open file .\Data\20181209\user6/user6-7-3-5-3-r1.dat
user6-7-3-5-4
Couldn't open file .\Data\20181209\user6/user6-7-3-5-4-r1.dat
user6-7-3-5-5
Couldn't open file .\Data\20181209\user6/user6-7-3-5-5-r1.dat
user6-7-4-1-1
Couldn't open file .\Data\20181209\user6/user6-7-4-1-1-r1.dat
user6-7-4-1-2
Couldn't open file .\Data\20181209\user6/user6-7-4-1-2-r1.dat
user6-7-4-1-3
Couldn't open file .\Data\20181209\user6/user6-7-4-1-3-r1.dat
user6-7-4-1-4
Couldn't open file .\Data\20181209\user6/user6-7-4-1-4-r1.dat
user6-7-4-1-5
Couldn't open file .\Data\20181209\user6/user6-7-4-1-5-r1.dat
user6-7-4-2-1
Couldn't open file .\Data\20181209\user6/user6-7-4-2-1-r1.dat
user6-7-4-2-2
Couldn't open file .\Data\20181209\user6/user6-7-4-2-2-r1.dat
user6-7-4-2-3
Couldn't open file .\Data\20181209\user6/user6-7-4-2-3-r1.dat
user6-7-4-2-4
Couldn't open file .\Data\20181209\user6/user6-7-4-2-4-r1.dat
user6-7-4-2-5
Couldn't open file .\Data\20181209\user6/user6-7-4-2-5-r1.dat
user6-7-4-3-1
Couldn't open file .\Data\20181209\user6/user6-7-4-3-1-r1.dat
user6-7-4-3-2
Couldn't open file .\Data\20181209\user6/user6-7-4-3-2-r1.dat
user6-7-4-3-3
Couldn't open file .\Data\20181209\user6/user6-7-4-3-3-r1.dat
user6-7-4-3-4
Couldn't open file .\Data\20181209\user6/user6-7-4-3-4-r1.dat
user6-7-4-3-5
Couldn't open file .\Data\20181209\user6/user6-7-4-3-5-r1.dat
user6-7-4-4-1
Couldn't open file .\Data\20181209\user6/user6-7-4-4-1-r1.dat
user6-7-4-4-2
Couldn't open file .\Data\20181209\user6/user6-7-4-4-2-r1.dat
user6-7-4-4-3
Couldn't open file .\Data\20181209\user6/user6-7-4-4-3-r1.dat
user6-7-4-4-4
Couldn't open file .\Data\20181209\user6/user6-7-4-4-4-r1.dat
user6-7-4-4-5
Couldn't open file .\Data\20181209\user6/user6-7-4-4-5-r1.dat
user6-7-4-5-1
Couldn't open file .\Data\20181209\user6/user6-7-4-5-1-r1.dat
user6-7-4-5-2
Couldn't open file .\Data\20181209\user6/user6-7-4-5-2-r1.dat
user6-7-4-5-3
Couldn't open file .\Data\20181209\user6/user6-7-4-5-3-r1.dat
user6-7-4-5-4
Couldn't open file .\Data\20181209\user6/user6-7-4-5-4-r1.dat
user6-7-4-5-5
Couldn't open file .\Data\20181209\user6/user6-7-4-5-5-r1.dat
user6-7-5-1-1
Couldn't open file .\Data\20181209\user6/user6-7-5-1-1-r1.dat
user6-7-5-1-2
Couldn't open file .\Data\20181209\user6/user6-7-5-1-2-r1.dat
user6-7-5-1-3
Couldn't open file .\Data\20181209\user6/user6-7-5-1-3-r1.dat
user6-7-5-1-4
Couldn't open file .\Data\20181209\user6/user6-7-5-1-4-r1.dat
user6-7-5-1-5
Couldn't open file .\Data\20181209\user6/user6-7-5-1-5-r1.dat
user6-7-5-2-1
Couldn't open file .\Data\20181209\user6/user6-7-5-2-1-r1.dat
user6-7-5-2-2
Couldn't open file .\Data\20181209\user6/user6-7-5-2-2-r1.dat
user6-7-5-2-3
Couldn't open file .\Data\20181209\user6/user6-7-5-2-3-r1.dat
user6-7-5-2-4
Couldn't open file .\Data\20181209\user6/user6-7-5-2-4-r1.dat
user6-7-5-2-5
Couldn't open file .\Data\20181209\user6/user6-7-5-2-5-r1.dat
user6-7-5-3-1
Couldn't open file .\Data\20181209\user6/user6-7-5-3-1-r1.dat
user6-7-5-3-2
Couldn't open file .\Data\20181209\user6/user6-7-5-3-2-r1.dat
user6-7-5-3-3
Couldn't open file .\Data\20181209\user6/user6-7-5-3-3-r1.dat
user6-7-5-3-4
Couldn't open file .\Data\20181209\user6/user6-7-5-3-4-r1.dat
user6-7-5-3-5
Couldn't open file .\Data\20181209\user6/user6-7-5-3-5-r1.dat
user6-7-5-4-1
Couldn't open file .\Data\20181209\user6/user6-7-5-4-1-r1.dat
user6-7-5-4-2
Couldn't open file .\Data\20181209\user6/user6-7-5-4-2-r1.dat
user6-7-5-4-3
Couldn't open file .\Data\20181209\user6/user6-7-5-4-3-r1.dat
user6-7-5-4-4
Couldn't open file .\Data\20181209\user6/user6-7-5-4-4-r1.dat
user6-7-5-4-5
Couldn't open file .\Data\20181209\user6/user6-7-5-4-5-r1.dat
user6-7-5-5-1
Couldn't open file .\Data\20181209\user6/user6-7-5-5-1-r1.dat
user6-7-5-5-2
Couldn't open file .\Data\20181209\user6/user6-7-5-5-2-r1.dat
user6-7-5-5-3
Couldn't open file .\Data\20181209\user6/user6-7-5-5-3-r1.dat
user6-7-5-5-4
Couldn't open file .\Data\20181209\user6/user6-7-5-5-4-r1.dat
user6-7-5-5-5
Couldn't open file .\Data\20181209\user6/user6-7-5-5-5-r1.dat
user6-8-1-1-1
Couldn't open file .\Data\20181209\user6/user6-8-1-1-1-r1.dat
user6-8-1-1-2
Couldn't open file .\Data\20181209\user6/user6-8-1-1-2-r1.dat
user6-8-1-1-3
Couldn't open file .\Data\20181209\user6/user6-8-1-1-3-r1.dat
user6-8-1-1-4
Couldn't open file .\Data\20181209\user6/user6-8-1-1-4-r1.dat
user6-8-1-1-5
Couldn't open file .\Data\20181209\user6/user6-8-1-1-5-r1.dat
user6-8-1-2-1
Couldn't open file .\Data\20181209\user6/user6-8-1-2-1-r1.dat
user6-8-1-2-2
Couldn't open file .\Data\20181209\user6/user6-8-1-2-2-r1.dat
user6-8-1-2-3
Couldn't open file .\Data\20181209\user6/user6-8-1-2-3-r1.dat
user6-8-1-2-4
Couldn't open file .\Data\20181209\user6/user6-8-1-2-4-r1.dat
user6-8-1-2-5
Couldn't open file .\Data\20181209\user6/user6-8-1-2-5-r1.dat
user6-8-1-3-1
Couldn't open file .\Data\20181209\user6/user6-8-1-3-1-r1.dat
user6-8-1-3-2
Couldn't open file .\Data\20181209\user6/user6-8-1-3-2-r1.dat
user6-8-1-3-3
Couldn't open file .\Data\20181209\user6/user6-8-1-3-3-r1.dat
user6-8-1-3-4
Couldn't open file .\Data\20181209\user6/user6-8-1-3-4-r1.dat
user6-8-1-3-5
Couldn't open file .\Data\20181209\user6/user6-8-1-3-5-r1.dat
user6-8-1-4-1
Couldn't open file .\Data\20181209\user6/user6-8-1-4-1-r1.dat
user6-8-1-4-2
Couldn't open file .\Data\20181209\user6/user6-8-1-4-2-r1.dat
user6-8-1-4-3
Couldn't open file .\Data\20181209\user6/user6-8-1-4-3-r1.dat
user6-8-1-4-4
Couldn't open file .\Data\20181209\user6/user6-8-1-4-4-r1.dat
user6-8-1-4-5
Couldn't open file .\Data\20181209\user6/user6-8-1-4-5-r1.dat
user6-8-1-5-1
Couldn't open file .\Data\20181209\user6/user6-8-1-5-1-r1.dat
user6-8-1-5-2
Couldn't open file .\Data\20181209\user6/user6-8-1-5-2-r1.dat
user6-8-1-5-3
Couldn't open file .\Data\20181209\user6/user6-8-1-5-3-r1.dat
user6-8-1-5-4
Couldn't open file .\Data\20181209\user6/user6-8-1-5-4-r1.dat
user6-8-1-5-5
Couldn't open file .\Data\20181209\user6/user6-8-1-5-5-r1.dat
user6-8-2-1-1
Couldn't open file .\Data\20181209\user6/user6-8-2-1-1-r1.dat
user6-8-2-1-2
Couldn't open file .\Data\20181209\user6/user6-8-2-1-2-r1.dat
user6-8-2-1-3
Couldn't open file .\Data\20181209\user6/user6-8-2-1-3-r1.dat
user6-8-2-1-4
Couldn't open file .\Data\20181209\user6/user6-8-2-1-4-r1.dat
user6-8-2-1-5
Couldn't open file .\Data\20181209\user6/user6-8-2-1-5-r1.dat
user6-8-2-2-1
Couldn't open file .\Data\20181209\user6/user6-8-2-2-1-r1.dat
user6-8-2-2-2
Couldn't open file .\Data\20181209\user6/user6-8-2-2-2-r1.dat
user6-8-2-2-3
Couldn't open file .\Data\20181209\user6/user6-8-2-2-3-r1.dat
user6-8-2-2-4
Couldn't open file .\Data\20181209\user6/user6-8-2-2-4-r1.dat
user6-8-2-2-5
Couldn't open file .\Data\20181209\user6/user6-8-2-2-5-r1.dat
user6-8-2-3-1
Couldn't open file .\Data\20181209\user6/user6-8-2-3-1-r1.dat
user6-8-2-3-2
Couldn't open file .\Data\20181209\user6/user6-8-2-3-2-r1.dat
user6-8-2-3-3
Couldn't open file .\Data\20181209\user6/user6-8-2-3-3-r1.dat
user6-8-2-3-4
Couldn't open file .\Data\20181209\user6/user6-8-2-3-4-r1.dat
user6-8-2-3-5
Couldn't open file .\Data\20181209\user6/user6-8-2-3-5-r1.dat
user6-8-2-4-1
Couldn't open file .\Data\20181209\user6/user6-8-2-4-1-r1.dat
user6-8-2-4-2
Couldn't open file .\Data\20181209\user6/user6-8-2-4-2-r1.dat
user6-8-2-4-3
Couldn't open file .\Data\20181209\user6/user6-8-2-4-3-r1.dat
user6-8-2-4-4
Couldn't open file .\Data\20181209\user6/user6-8-2-4-4-r1.dat
user6-8-2-4-5
Couldn't open file .\Data\20181209\user6/user6-8-2-4-5-r1.dat
user6-8-2-5-1
Couldn't open file .\Data\20181209\user6/user6-8-2-5-1-r1.dat
user6-8-2-5-2
Couldn't open file .\Data\20181209\user6/user6-8-2-5-2-r1.dat
user6-8-2-5-3
Couldn't open file .\Data\20181209\user6/user6-8-2-5-3-r1.dat
user6-8-2-5-4
Couldn't open file .\Data\20181209\user6/user6-8-2-5-4-r1.dat
user6-8-2-5-5
Couldn't open file .\Data\20181209\user6/user6-8-2-5-5-r1.dat
user6-8-3-1-1
Couldn't open file .\Data\20181209\user6/user6-8-3-1-1-r1.dat
user6-8-3-1-2
Couldn't open file .\Data\20181209\user6/user6-8-3-1-2-r1.dat
user6-8-3-1-3
Couldn't open file .\Data\20181209\user6/user6-8-3-1-3-r1.dat
user6-8-3-1-4
Couldn't open file .\Data\20181209\user6/user6-8-3-1-4-r1.dat
user6-8-3-1-5
Couldn't open file .\Data\20181209\user6/user6-8-3-1-5-r1.dat
user6-8-3-2-1
Couldn't open file .\Data\20181209\user6/user6-8-3-2-1-r1.dat
user6-8-3-2-2
Couldn't open file .\Data\20181209\user6/user6-8-3-2-2-r1.dat
user6-8-3-2-3
Couldn't open file .\Data\20181209\user6/user6-8-3-2-3-r1.dat
user6-8-3-2-4
Couldn't open file .\Data\20181209\user6/user6-8-3-2-4-r1.dat
user6-8-3-2-5
Couldn't open file .\Data\20181209\user6/user6-8-3-2-5-r1.dat
user6-8-3-3-1
Couldn't open file .\Data\20181209\user6/user6-8-3-3-1-r1.dat
user6-8-3-3-2
Couldn't open file .\Data\20181209\user6/user6-8-3-3-2-r1.dat
user6-8-3-3-3
Couldn't open file .\Data\20181209\user6/user6-8-3-3-3-r1.dat
user6-8-3-3-4
Couldn't open file .\Data\20181209\user6/user6-8-3-3-4-r1.dat
user6-8-3-3-5
Couldn't open file .\Data\20181209\user6/user6-8-3-3-5-r1.dat
user6-8-3-4-1
Couldn't open file .\Data\20181209\user6/user6-8-3-4-1-r1.dat
user6-8-3-4-2
Couldn't open file .\Data\20181209\user6/user6-8-3-4-2-r1.dat
user6-8-3-4-3
Couldn't open file .\Data\20181209\user6/user6-8-3-4-3-r1.dat
user6-8-3-4-4
Couldn't open file .\Data\20181209\user6/user6-8-3-4-4-r1.dat
user6-8-3-4-5
Couldn't open file .\Data\20181209\user6/user6-8-3-4-5-r1.dat
user6-8-3-5-1
Couldn't open file .\Data\20181209\user6/user6-8-3-5-1-r1.dat
user6-8-3-5-2
Couldn't open file .\Data\20181209\user6/user6-8-3-5-2-r1.dat
user6-8-3-5-3
Couldn't open file .\Data\20181209\user6/user6-8-3-5-3-r1.dat
user6-8-3-5-4
Couldn't open file .\Data\20181209\user6/user6-8-3-5-4-r1.dat
user6-8-3-5-5
Couldn't open file .\Data\20181209\user6/user6-8-3-5-5-r1.dat
user6-8-4-1-1
Couldn't open file .\Data\20181209\user6/user6-8-4-1-1-r1.dat
user6-8-4-1-2
Couldn't open file .\Data\20181209\user6/user6-8-4-1-2-r1.dat
user6-8-4-1-3
Couldn't open file .\Data\20181209\user6/user6-8-4-1-3-r1.dat
user6-8-4-1-4
Couldn't open file .\Data\20181209\user6/user6-8-4-1-4-r1.dat
user6-8-4-1-5
Couldn't open file .\Data\20181209\user6/user6-8-4-1-5-r1.dat
user6-8-4-2-1
Couldn't open file .\Data\20181209\user6/user6-8-4-2-1-r1.dat
user6-8-4-2-2
Couldn't open file .\Data\20181209\user6/user6-8-4-2-2-r1.dat
user6-8-4-2-3
Couldn't open file .\Data\20181209\user6/user6-8-4-2-3-r1.dat
user6-8-4-2-4
Couldn't open file .\Data\20181209\user6/user6-8-4-2-4-r1.dat
user6-8-4-2-5
Couldn't open file .\Data\20181209\user6/user6-8-4-2-5-r1.dat
user6-8-4-3-1
Couldn't open file .\Data\20181209\user6/user6-8-4-3-1-r1.dat
user6-8-4-3-2
Couldn't open file .\Data\20181209\user6/user6-8-4-3-2-r1.dat
user6-8-4-3-3
Couldn't open file .\Data\20181209\user6/user6-8-4-3-3-r1.dat
user6-8-4-3-4
Couldn't open file .\Data\20181209\user6/user6-8-4-3-4-r1.dat
user6-8-4-3-5
Couldn't open file .\Data\20181209\user6/user6-8-4-3-5-r1.dat
user6-8-4-4-1
Couldn't open file .\Data\20181209\user6/user6-8-4-4-1-r1.dat
user6-8-4-4-2
Couldn't open file .\Data\20181209\user6/user6-8-4-4-2-r1.dat
user6-8-4-4-3
Couldn't open file .\Data\20181209\user6/user6-8-4-4-3-r1.dat
user6-8-4-4-4
Couldn't open file .\Data\20181209\user6/user6-8-4-4-4-r1.dat
user6-8-4-4-5
Couldn't open file .\Data\20181209\user6/user6-8-4-4-5-r1.dat
user6-8-4-5-1
Couldn't open file .\Data\20181209\user6/user6-8-4-5-1-r1.dat
user6-8-4-5-2
Couldn't open file .\Data\20181209\user6/user6-8-4-5-2-r1.dat
user6-8-4-5-3
Couldn't open file .\Data\20181209\user6/user6-8-4-5-3-r1.dat
user6-8-4-5-4
Couldn't open file .\Data\20181209\user6/user6-8-4-5-4-r1.dat
user6-8-4-5-5
Couldn't open file .\Data\20181209\user6/user6-8-4-5-5-r1.dat
user6-8-5-1-1
Couldn't open file .\Data\20181209\user6/user6-8-5-1-1-r1.dat
user6-8-5-1-2
Couldn't open file .\Data\20181209\user6/user6-8-5-1-2-r1.dat
user6-8-5-1-3
Couldn't open file .\Data\20181209\user6/user6-8-5-1-3-r1.dat
user6-8-5-1-4
Couldn't open file .\Data\20181209\user6/user6-8-5-1-4-r1.dat
user6-8-5-1-5
Couldn't open file .\Data\20181209\user6/user6-8-5-1-5-r1.dat
user6-8-5-2-1
Couldn't open file .\Data\20181209\user6/user6-8-5-2-1-r1.dat
user6-8-5-2-2
Couldn't open file .\Data\20181209\user6/user6-8-5-2-2-r1.dat
user6-8-5-2-3
Couldn't open file .\Data\20181209\user6/user6-8-5-2-3-r1.dat
user6-8-5-2-4
Couldn't open file .\Data\20181209\user6/user6-8-5-2-4-r1.dat
user6-8-5-2-5
Couldn't open file .\Data\20181209\user6/user6-8-5-2-5-r1.dat
user6-8-5-3-1
Couldn't open file .\Data\20181209\user6/user6-8-5-3-1-r1.dat
user6-8-5-3-2
Couldn't open file .\Data\20181209\user6/user6-8-5-3-2-r1.dat
user6-8-5-3-3
Couldn't open file .\Data\20181209\user6/user6-8-5-3-3-r1.dat
user6-8-5-3-4
Couldn't open file .\Data\20181209\user6/user6-8-5-3-4-r1.dat
user6-8-5-3-5
Couldn't open file .\Data\20181209\user6/user6-8-5-3-5-r1.dat
user6-8-5-4-1
Couldn't open file .\Data\20181209\user6/user6-8-5-4-1-r1.dat
user6-8-5-4-2
Couldn't open file .\Data\20181209\user6/user6-8-5-4-2-r1.dat
user6-8-5-4-3
Couldn't open file .\Data\20181209\user6/user6-8-5-4-3-r1.dat
user6-8-5-4-4
Couldn't open file .\Data\20181209\user6/user6-8-5-4-4-r1.dat
user6-8-5-4-5
Couldn't open file .\Data\20181209\user6/user6-8-5-4-5-r1.dat
user6-8-5-5-1
Couldn't open file .\Data\20181209\user6/user6-8-5-5-1-r1.dat
user6-8-5-5-2
Couldn't open file .\Data\20181209\user6/user6-8-5-5-2-r1.dat
user6-8-5-5-3
Couldn't open file .\Data\20181209\user6/user6-8-5-5-3-r1.dat
user6-8-5-5-4
Couldn't open file .\Data\20181209\user6/user6-8-5-5-4-r1.dat
user6-8-5-5-5
Couldn't open file .\Data\20181209\user6/user6-8-5-5-5-r1.dat
user6-9-1-1-1
Couldn't open file .\Data\20181209\user6/user6-9-1-1-1-r1.dat
user6-9-1-1-2
Couldn't open file .\Data\20181209\user6/user6-9-1-1-2-r1.dat
user6-9-1-1-3
Couldn't open file .\Data\20181209\user6/user6-9-1-1-3-r1.dat
user6-9-1-1-4
Couldn't open file .\Data\20181209\user6/user6-9-1-1-4-r1.dat
user6-9-1-1-5
Couldn't open file .\Data\20181209\user6/user6-9-1-1-5-r1.dat
user6-9-1-2-1
Couldn't open file .\Data\20181209\user6/user6-9-1-2-1-r1.dat
user6-9-1-2-2
Couldn't open file .\Data\20181209\user6/user6-9-1-2-2-r1.dat
user6-9-1-2-3
Couldn't open file .\Data\20181209\user6/user6-9-1-2-3-r1.dat
user6-9-1-2-4
Couldn't open file .\Data\20181209\user6/user6-9-1-2-4-r1.dat
user6-9-1-2-5
Couldn't open file .\Data\20181209\user6/user6-9-1-2-5-r1.dat
user6-9-1-3-1
Couldn't open file .\Data\20181209\user6/user6-9-1-3-1-r1.dat
user6-9-1-3-2
Couldn't open file .\Data\20181209\user6/user6-9-1-3-2-r1.dat
user6-9-1-3-3
Couldn't open file .\Data\20181209\user6/user6-9-1-3-3-r1.dat
user6-9-1-3-4
Couldn't open file .\Data\20181209\user6/user6-9-1-3-4-r1.dat
user6-9-1-3-5
Couldn't open file .\Data\20181209\user6/user6-9-1-3-5-r1.dat
user6-9-1-4-1
Couldn't open file .\Data\20181209\user6/user6-9-1-4-1-r1.dat
user6-9-1-4-2
Couldn't open file .\Data\20181209\user6/user6-9-1-4-2-r1.dat
user6-9-1-4-3
Couldn't open file .\Data\20181209\user6/user6-9-1-4-3-r1.dat
user6-9-1-4-4
Couldn't open file .\Data\20181209\user6/user6-9-1-4-4-r1.dat
user6-9-1-4-5
Couldn't open file .\Data\20181209\user6/user6-9-1-4-5-r1.dat
user6-9-1-5-1
Couldn't open file .\Data\20181209\user6/user6-9-1-5-1-r1.dat
user6-9-1-5-2
Couldn't open file .\Data\20181209\user6/user6-9-1-5-2-r1.dat
user6-9-1-5-3
Couldn't open file .\Data\20181209\user6/user6-9-1-5-3-r1.dat
user6-9-1-5-4
Couldn't open file .\Data\20181209\user6/user6-9-1-5-4-r1.dat
user6-9-1-5-5
Couldn't open file .\Data\20181209\user6/user6-9-1-5-5-r1.dat
user6-9-2-1-1
Couldn't open file .\Data\20181209\user6/user6-9-2-1-1-r1.dat
user6-9-2-1-2
Couldn't open file .\Data\20181209\user6/user6-9-2-1-2-r1.dat
user6-9-2-1-3
Couldn't open file .\Data\20181209\user6/user6-9-2-1-3-r1.dat
user6-9-2-1-4
Couldn't open file .\Data\20181209\user6/user6-9-2-1-4-r1.dat
user6-9-2-1-5
Couldn't open file .\Data\20181209\user6/user6-9-2-1-5-r1.dat
user6-9-2-2-1
Couldn't open file .\Data\20181209\user6/user6-9-2-2-1-r1.dat
user6-9-2-2-2
Couldn't open file .\Data\20181209\user6/user6-9-2-2-2-r1.dat
user6-9-2-2-3
Couldn't open file .\Data\20181209\user6/user6-9-2-2-3-r1.dat
user6-9-2-2-4
Couldn't open file .\Data\20181209\user6/user6-9-2-2-4-r1.dat
user6-9-2-2-5
Couldn't open file .\Data\20181209\user6/user6-9-2-2-5-r1.dat
user6-9-2-3-1
Couldn't open file .\Data\20181209\user6/user6-9-2-3-1-r1.dat
user6-9-2-3-2
Couldn't open file .\Data\20181209\user6/user6-9-2-3-2-r1.dat
user6-9-2-3-3
Couldn't open file .\Data\20181209\user6/user6-9-2-3-3-r1.dat
user6-9-2-3-4
Couldn't open file .\Data\20181209\user6/user6-9-2-3-4-r1.dat
user6-9-2-3-5
Couldn't open file .\Data\20181209\user6/user6-9-2-3-5-r1.dat
user6-9-2-4-1
Couldn't open file .\Data\20181209\user6/user6-9-2-4-1-r1.dat
user6-9-2-4-2
Couldn't open file .\Data\20181209\user6/user6-9-2-4-2-r1.dat
user6-9-2-4-3
Couldn't open file .\Data\20181209\user6/user6-9-2-4-3-r1.dat
user6-9-2-4-4
Couldn't open file .\Data\20181209\user6/user6-9-2-4-4-r1.dat
user6-9-2-4-5
Couldn't open file .\Data\20181209\user6/user6-9-2-4-5-r1.dat
user6-9-2-5-1
Couldn't open file .\Data\20181209\user6/user6-9-2-5-1-r1.dat
user6-9-2-5-2
Couldn't open file .\Data\20181209\user6/user6-9-2-5-2-r1.dat
user6-9-2-5-3
Couldn't open file .\Data\20181209\user6/user6-9-2-5-3-r1.dat
user6-9-2-5-4
Couldn't open file .\Data\20181209\user6/user6-9-2-5-4-r1.dat
user6-9-2-5-5
Couldn't open file .\Data\20181209\user6/user6-9-2-5-5-r1.dat
user6-9-3-1-1
Couldn't open file .\Data\20181209\user6/user6-9-3-1-1-r1.dat
user6-9-3-1-2
Couldn't open file .\Data\20181209\user6/user6-9-3-1-2-r1.dat
user6-9-3-1-3
Couldn't open file .\Data\20181209\user6/user6-9-3-1-3-r1.dat
user6-9-3-1-4
Couldn't open file .\Data\20181209\user6/user6-9-3-1-4-r1.dat
user6-9-3-1-5
Couldn't open file .\Data\20181209\user6/user6-9-3-1-5-r1.dat
user6-9-3-2-1
Couldn't open file .\Data\20181209\user6/user6-9-3-2-1-r1.dat
user6-9-3-2-2
Couldn't open file .\Data\20181209\user6/user6-9-3-2-2-r1.dat
user6-9-3-2-3
Couldn't open file .\Data\20181209\user6/user6-9-3-2-3-r1.dat
user6-9-3-2-4
Couldn't open file .\Data\20181209\user6/user6-9-3-2-4-r1.dat
user6-9-3-2-5
Couldn't open file .\Data\20181209\user6/user6-9-3-2-5-r1.dat
user6-9-3-3-1
Couldn't open file .\Data\20181209\user6/user6-9-3-3-1-r1.dat
user6-9-3-3-2
Couldn't open file .\Data\20181209\user6/user6-9-3-3-2-r1.dat
user6-9-3-3-3
Couldn't open file .\Data\20181209\user6/user6-9-3-3-3-r1.dat
user6-9-3-3-4
Couldn't open file .\Data\20181209\user6/user6-9-3-3-4-r1.dat
user6-9-3-3-5
Couldn't open file .\Data\20181209\user6/user6-9-3-3-5-r1.dat
user6-9-3-4-1
Couldn't open file .\Data\20181209\user6/user6-9-3-4-1-r1.dat
user6-9-3-4-2
Couldn't open file .\Data\20181209\user6/user6-9-3-4-2-r1.dat
user6-9-3-4-3
Couldn't open file .\Data\20181209\user6/user6-9-3-4-3-r1.dat
user6-9-3-4-4
Couldn't open file .\Data\20181209\user6/user6-9-3-4-4-r1.dat
user6-9-3-4-5
Couldn't open file .\Data\20181209\user6/user6-9-3-4-5-r1.dat
user6-9-3-5-1
Couldn't open file .\Data\20181209\user6/user6-9-3-5-1-r1.dat
user6-9-3-5-2
Couldn't open file .\Data\20181209\user6/user6-9-3-5-2-r1.dat
user6-9-3-5-3
Couldn't open file .\Data\20181209\user6/user6-9-3-5-3-r1.dat
user6-9-3-5-4
Couldn't open file .\Data\20181209\user6/user6-9-3-5-4-r1.dat
user6-9-3-5-5
Couldn't open file .\Data\20181209\user6/user6-9-3-5-5-r1.dat
user6-9-4-1-1
Couldn't open file .\Data\20181209\user6/user6-9-4-1-1-r1.dat
user6-9-4-1-2
Couldn't open file .\Data\20181209\user6/user6-9-4-1-2-r1.dat
user6-9-4-1-3
Couldn't open file .\Data\20181209\user6/user6-9-4-1-3-r1.dat
user6-9-4-1-4
Couldn't open file .\Data\20181209\user6/user6-9-4-1-4-r1.dat
user6-9-4-1-5
Couldn't open file .\Data\20181209\user6/user6-9-4-1-5-r1.dat
user6-9-4-2-1
Couldn't open file .\Data\20181209\user6/user6-9-4-2-1-r1.dat
user6-9-4-2-2
Couldn't open file .\Data\20181209\user6/user6-9-4-2-2-r1.dat
user6-9-4-2-3
Couldn't open file .\Data\20181209\user6/user6-9-4-2-3-r1.dat
user6-9-4-2-4
Couldn't open file .\Data\20181209\user6/user6-9-4-2-4-r1.dat
user6-9-4-2-5
Couldn't open file .\Data\20181209\user6/user6-9-4-2-5-r1.dat
user6-9-4-3-1
Couldn't open file .\Data\20181209\user6/user6-9-4-3-1-r1.dat
user6-9-4-3-2
Couldn't open file .\Data\20181209\user6/user6-9-4-3-2-r1.dat
user6-9-4-3-3
Couldn't open file .\Data\20181209\user6/user6-9-4-3-3-r1.dat
user6-9-4-3-4
Couldn't open file .\Data\20181209\user6/user6-9-4-3-4-r1.dat
user6-9-4-3-5
Couldn't open file .\Data\20181209\user6/user6-9-4-3-5-r1.dat
user6-9-4-4-1
Couldn't open file .\Data\20181209\user6/user6-9-4-4-1-r1.dat
user6-9-4-4-2
Couldn't open file .\Data\20181209\user6/user6-9-4-4-2-r1.dat
user6-9-4-4-3
Couldn't open file .\Data\20181209\user6/user6-9-4-4-3-r1.dat
user6-9-4-4-4
Couldn't open file .\Data\20181209\user6/user6-9-4-4-4-r1.dat
user6-9-4-4-5
Couldn't open file .\Data\20181209\user6/user6-9-4-4-5-r1.dat
user6-9-4-5-1
Couldn't open file .\Data\20181209\user6/user6-9-4-5-1-r1.dat
user6-9-4-5-2
Couldn't open file .\Data\20181209\user6/user6-9-4-5-2-r1.dat
user6-9-4-5-3
Couldn't open file .\Data\20181209\user6/user6-9-4-5-3-r1.dat
user6-9-4-5-4
Couldn't open file .\Data\20181209\user6/user6-9-4-5-4-r1.dat
user6-9-4-5-5
Couldn't open file .\Data\20181209\user6/user6-9-4-5-5-r1.dat
user6-9-5-1-1
Couldn't open file .\Data\20181209\user6/user6-9-5-1-1-r1.dat
user6-9-5-1-2
Couldn't open file .\Data\20181209\user6/user6-9-5-1-2-r1.dat
user6-9-5-1-3
Couldn't open file .\Data\20181209\user6/user6-9-5-1-3-r1.dat
user6-9-5-1-4
Couldn't open file .\Data\20181209\user6/user6-9-5-1-4-r1.dat
user6-9-5-1-5
Couldn't open file .\Data\20181209\user6/user6-9-5-1-5-r1.dat
user6-9-5-2-1
Couldn't open file .\Data\20181209\user6/user6-9-5-2-1-r1.dat
user6-9-5-2-2
Couldn't open file .\Data\20181209\user6/user6-9-5-2-2-r1.dat
user6-9-5-2-3
Couldn't open file .\Data\20181209\user6/user6-9-5-2-3-r1.dat
user6-9-5-2-4
Couldn't open file .\Data\20181209\user6/user6-9-5-2-4-r1.dat
user6-9-5-2-5
Couldn't open file .\Data\20181209\user6/user6-9-5-2-5-r1.dat
user6-9-5-3-1
Couldn't open file .\Data\20181209\user6/user6-9-5-3-1-r1.dat
user6-9-5-3-2
Couldn't open file .\Data\20181209\user6/user6-9-5-3-2-r1.dat
user6-9-5-3-3
Couldn't open file .\Data\20181209\user6/user6-9-5-3-3-r1.dat
user6-9-5-3-4
Couldn't open file .\Data\20181209\user6/user6-9-5-3-4-r1.dat
user6-9-5-3-5
Couldn't open file .\Data\20181209\user6/user6-9-5-3-5-r1.dat
user6-9-5-4-1
Couldn't open file .\Data\20181209\user6/user6-9-5-4-1-r1.dat
user6-9-5-4-2
Couldn't open file .\Data\20181209\user6/user6-9-5-4-2-r1.dat
user6-9-5-4-3
Couldn't open file .\Data\20181209\user6/user6-9-5-4-3-r1.dat
user6-9-5-4-4
Couldn't open file .\Data\20181209\user6/user6-9-5-4-4-r1.dat
user6-9-5-4-5
Couldn't open file .\Data\20181209\user6/user6-9-5-4-5-r1.dat
user6-9-5-5-1
Couldn't open file .\Data\20181209\user6/user6-9-5-5-1-r1.dat
user6-9-5-5-2
Couldn't open file .\Data\20181209\user6/user6-9-5-5-2-r1.dat
user6-9-5-5-3
Couldn't open file .\Data\20181209\user6/user6-9-5-5-3-r1.dat
user6-9-5-5-4
Couldn't open file .\Data\20181209\user6/user6-9-5-5-4-r1.dat
user6-9-5-5-5
Couldn't open file .\Data\20181209\user6/user6-9-5-5-5-r1.dat
